<?xml version="1.0" encoding="UTF-8" standalone="no"?>
<testsuite failures="0" name="cucumber.runtime.formatter.JUnitFormatter" skipped="0" tests="6" time="15.589689">
    <testcase classname="사용자는 정답일 수도 있고 오답일 수도 있는 곱셈 답안을 제출할 수 있다." name="사용자가 첫 번째 정답 답안을 제출하고 배지를 얻는다" time="2.353236">
        <system-out>
            <![CDATA[만약사용자 철수가 1개의 정답 답안을 제출한다...................................................passed
그러면사용자는 답안이 정답이라는 응답을 받는다...................................................passed
그리고사용자는 10점을 얻는다............................................................passed
그리고사용자는 FIRST_WON 배지를 얻는다...................................................passed
]]>
        </system-out>
    </testcase>
    <testcase classname="사용자는 정답일 수도 있고 오답일 수도 있는 곱셈 답안을 제출할 수 있다." name="사용자는 두 번째 정답 답안을 제출하고 포인트만 얻는다" time="2.39586">
        <system-out>
            <![CDATA[먼저사용자 철수가 1개의 정답 답안을 제출한다...................................................passed
그리고사용자는 FIRST_WON 배지를 얻는다...................................................passed
만약사용자 철수가 1개의 정답 답안을 제출한다...................................................passed
그러면사용자는 답안이 정답이라는 응답을 받는다...................................................passed
그리고사용자는 10점을 얻는다............................................................passed
그리고사용자는 배지를 얻지 못한다..........................................................passed
]]>
        </system-out>
    </testcase>
    <testcase classname="사용자는 정답일 수도 있고 오답일 수도 있는 곱셈 답안을 제출할 수 있다." name="사용자는 오답 답안을 제출하고 아무것도 얻지 못한다" time="2.198389">
        <system-out>
            <![CDATA[만약사용자 철수가 1개의 오답 답안을 제출한다...................................................passed
그러면사용자는 답안이 오답이라는 응답을 받는다...................................................passed
그리고사용자는 0점을 얻는다.............................................................passed
그리고사용자는 배지를 얻지 못한다..........................................................passed
]]>
        </system-out>
    </testcase>
    <testcase classname="사용자는 정답일 수도 있고 오답일 수도 있는 곱셈 답안을 제출할 수 있다." name="9 정답을 제출한 이후에 사용자가 1개의 정답을 제출하고 BRONZE_MULTIPLICATOR 배지를 얻는다." time="2.397803">
        <system-out>
            <![CDATA[먼저사용자 철수가 9개의 정답 답안을 제출한다...................................................passed
만약사용자 철수가 1개의 정답 답안을 제출한다...................................................passed
그러면사용자는 답안이 정답이라는 응답을 받는다...................................................passed
그리고사용자는 10점을 얻는다............................................................passed
그리고사용자는 BRONZE_MULTIPLICATOR 배지를 얻는다........................................passed
]]>
        </system-out>
    </testcase>
    <testcase classname="사용자는 정답일 수도 있고 오답일 수도 있는 곱셈 답안을 제출할 수 있다." name="49 정답을 제출한 이후에 사용자가 1개의 정답을 제출하고 SILVER_MULTIPLICATOR 배지를 얻는다." time="2.782814">
        <system-out>
            <![CDATA[먼저사용자 철수가 49개의 정답 답안을 제출한다..................................................passed
만약사용자 철수가 1개의 정답 답안을 제출한다...................................................passed
그러면사용자는 답안이 정답이라는 응답을 받는다...................................................passed
그리고사용자는 10점을 얻는다............................................................passed
그리고사용자는 SILVER_MULTIPLICATOR 배지를 얻는다........................................passed
]]>
        </system-out>
    </testcase>
    <testcase classname="사용자는 정답일 수도 있고 오답일 수도 있는 곱셈 답안을 제출할 수 있다." name="99 정답을 제출한 이후에 사용자가 1개의 정답을 제출하고 GOLD_MULTIPLICATOR 배지를 얻는다." time="3.461587">
        <system-out>
            <![CDATA[먼저사용자 철수가 99개의 정답 답안을 제출한다..................................................passed
만약사용자 철수가 1개의 정답 답안을 제출한다...................................................passed
그러면사용자는 답안이 정답이라는 응답을 받는다...................................................passed
그리고사용자는 10점을 얻는다............................................................passed
그리고사용자는 GOLD_MULTIPLICATOR 배지를 얻는다..........................................passed
]]>
        </system-out>
    </testcase>
</testsuite>
